<?xml version="1.0" encoding="UTF-8"?>
<testsuite name="io.prometheus.client.exporter.TestDaemonFlags" time="0.088" tests="3" errors="0" skipped="0" failures="0">
  <properties>
[...]
</properties>
  <testcase name="testNonDaemon" classname="io.prometheus.client.exporter.TestDaemonFlags" time="0.085"/>
  <testcase name="testDaemon" classname="io.prometheus.client.exporter.TestDaemonFlags" time="0.001"/>
  <testcase name="testDefaultIsNotDaemon" classname="io.prometheus.client.exporter.TestDaemonFlags" time="0.002"/>
</testsuite>